INFO  - 2017-04-06 20:28:46.539; org.eclipse.jetty.server.Server; jetty-8.1.10.v20130312
INFO  - 2017-04-06 20:28:46.556; org.eclipse.jetty.deploy.providers.ScanningAppProvider; Deployment monitor /Users/mumoc/projects/magmalabs/sunspot/sunspot_solr/solr/example/contexts at interval 0
INFO  - 2017-04-06 20:28:46.560; org.eclipse.jetty.deploy.DeploymentManager; Deployable added: /Users/mumoc/projects/magmalabs/sunspot/sunspot_solr/solr/example/contexts/solr-jetty-context.xml
INFO  - 2017-04-06 20:28:47.294; org.eclipse.jetty.webapp.StandardDescriptorProcessor; NO JSP Support for /solr, did not find org.apache.jasper.servlet.JspServlet
INFO  - 2017-04-06 20:28:47.339; org.apache.solr.servlet.SolrDispatchFilter; SolrDispatchFilter.init()
INFO  - 2017-04-06 20:28:47.348; org.apache.solr.core.SolrResourceLoader; JNDI not configured for solr (NoInitialContextEx)
INFO  - 2017-04-06 20:28:47.348; org.apache.solr.core.SolrResourceLoader; using system property solr.solr.home: /Users/mumoc/projects/magmalabs/sunspot/sunspot_solr/solr/example/solr
INFO  - 2017-04-06 20:28:47.349; org.apache.solr.core.SolrResourceLoader; new SolrResourceLoader for directory: '/Users/mumoc/projects/magmalabs/sunspot/sunspot_solr/solr/example/solr/'
INFO  - 2017-04-06 20:28:47.454; org.apache.solr.core.ConfigSolr; Loading container configuration from /Users/mumoc/projects/magmalabs/sunspot/sunspot_solr/solr/example/solr/solr.xml
INFO  - 2017-04-06 20:28:47.517; org.apache.solr.core.CorePropertiesLocator; Config-defined core root directory: /Users/mumoc/projects/magmalabs/sunspot/sunspot_solr/solr/example/solr
INFO  - 2017-04-06 20:28:47.523; org.apache.solr.core.CoreContainer; New CoreContainer 1150963491
INFO  - 2017-04-06 20:28:47.523; org.apache.solr.core.CoreContainer; Loading cores into CoreContainer [instanceDir=/Users/mumoc/projects/magmalabs/sunspot/sunspot_solr/solr/example/solr/]
INFO  - 2017-04-06 20:28:47.531; org.apache.solr.handler.component.HttpShardHandlerFactory; Setting socketTimeout to: 0
INFO  - 2017-04-06 20:28:47.531; org.apache.solr.handler.component.HttpShardHandlerFactory; Setting urlScheme to: null
INFO  - 2017-04-06 20:28:47.535; org.apache.solr.handler.component.HttpShardHandlerFactory; Setting connTimeout to: 0
INFO  - 2017-04-06 20:28:47.535; org.apache.solr.handler.component.HttpShardHandlerFactory; Setting maxConnectionsPerHost to: 20
INFO  - 2017-04-06 20:28:47.537; org.apache.solr.handler.component.HttpShardHandlerFactory; Setting corePoolSize to: 0
INFO  - 2017-04-06 20:28:47.537; org.apache.solr.handler.component.HttpShardHandlerFactory; Setting maximumPoolSize to: 2147483647
INFO  - 2017-04-06 20:28:47.538; org.apache.solr.handler.component.HttpShardHandlerFactory; Setting maxThreadIdleTime to: 5
INFO  - 2017-04-06 20:28:47.538; org.apache.solr.handler.component.HttpShardHandlerFactory; Setting sizeOfQueue to: -1
INFO  - 2017-04-06 20:28:47.539; org.apache.solr.handler.component.HttpShardHandlerFactory; Setting fairnessPolicy to: false
INFO  - 2017-04-06 20:28:47.680; org.apache.solr.update.UpdateShardHandler; Creating UpdateShardHandler HTTP client with params: socketTimeout=0&connTimeout=0&retry=false
INFO  - 2017-04-06 20:28:47.682; org.apache.solr.logging.LogWatcher; SLF4J impl is org.slf4j.impl.Log4jLoggerFactory
INFO  - 2017-04-06 20:28:47.682; org.apache.solr.logging.LogWatcher; Registering Log Listener [Log4j (org.slf4j.impl.Log4jLoggerFactory)]
INFO  - 2017-04-06 20:28:47.683; org.apache.solr.core.CoreContainer; Host Name: 
INFO  - 2017-04-06 20:28:47.731; org.apache.solr.core.CorePropertiesLocator; Looking for core definitions underneath /Users/mumoc/projects/magmalabs/sunspot/sunspot_solr/solr/example/solr
INFO  - 2017-04-06 20:28:47.746; org.apache.solr.core.CorePropertiesLocator; Found core collection1 in /Users/mumoc/projects/magmalabs/sunspot/sunspot_solr/solr/example/solr/collection1/
INFO  - 2017-04-06 20:28:47.747; org.apache.solr.core.CorePropertiesLocator; Found 1 core definitions
INFO  - 2017-04-06 20:28:47.748; org.apache.solr.core.SolrResourceLoader; new SolrResourceLoader for directory: '/Users/mumoc/projects/magmalabs/sunspot/sunspot_solr/solr/example/solr/collection1/'
INFO  - 2017-04-06 20:28:47.830; org.apache.solr.core.SolrConfig; Adding specified lib dirs to ClassLoader
INFO  - 2017-04-06 20:28:47.831; org.apache.solr.core.SolrResourceLoader; Adding 'file:/Users/mumoc/projects/magmalabs/sunspot/sunspot_solr/solr/contrib/extraction/lib/apache-mime4j-core-0.7.2.jar' to classloader
INFO  - 2017-04-06 20:28:47.832; org.apache.solr.core.SolrResourceLoader; Adding 'file:/Users/mumoc/projects/magmalabs/sunspot/sunspot_solr/solr/contrib/extraction/lib/apache-mime4j-dom-0.7.2.jar' to classloader
INFO  - 2017-04-06 20:28:47.832; org.apache.solr.core.SolrResourceLoader; Adding 'file:/Users/mumoc/projects/magmalabs/sunspot/sunspot_solr/solr/contrib/extraction/lib/aspectjrt-1.6.11.jar' to classloader
INFO  - 2017-04-06 20:28:47.832; org.apache.solr.core.SolrResourceLoader; Adding 'file:/Users/mumoc/projects/magmalabs/sunspot/sunspot_solr/solr/contrib/extraction/lib/bcmail-jdk15-1.45.jar' to classloader
INFO  - 2017-04-06 20:28:47.832; org.apache.solr.core.SolrResourceLoader; Adding 'file:/Users/mumoc/projects/magmalabs/sunspot/sunspot_solr/solr/contrib/extraction/lib/bcprov-jdk15-1.45.jar' to classloader
INFO  - 2017-04-06 20:28:47.833; org.apache.solr.core.SolrResourceLoader; Adding 'file:/Users/mumoc/projects/magmalabs/sunspot/sunspot_solr/solr/contrib/extraction/lib/boilerpipe-1.1.0.jar' to classloader
INFO  - 2017-04-06 20:28:47.833; org.apache.solr.core.SolrResourceLoader; Adding 'file:/Users/mumoc/projects/magmalabs/sunspot/sunspot_solr/solr/contrib/extraction/lib/commons-compress-1.7.jar' to classloader
INFO  - 2017-04-06 20:28:47.833; org.apache.solr.core.SolrResourceLoader; Adding 'file:/Users/mumoc/projects/magmalabs/sunspot/sunspot_solr/solr/contrib/extraction/lib/dom4j-1.6.1.jar' to classloader
INFO  - 2017-04-06 20:28:47.834; org.apache.solr.core.SolrResourceLoader; Adding 'file:/Users/mumoc/projects/magmalabs/sunspot/sunspot_solr/solr/contrib/extraction/lib/fontbox-1.8.4.jar' to classloader
INFO  - 2017-04-06 20:28:47.834; org.apache.solr.core.SolrResourceLoader; Adding 'file:/Users/mumoc/projects/magmalabs/sunspot/sunspot_solr/solr/contrib/extraction/lib/icu4j-53.1.jar' to classloader
INFO  - 2017-04-06 20:28:47.834; org.apache.solr.core.SolrResourceLoader; Adding 'file:/Users/mumoc/projects/magmalabs/sunspot/sunspot_solr/solr/contrib/extraction/lib/isoparser-1.0-RC-1.jar' to classloader
INFO  - 2017-04-06 20:28:47.835; org.apache.solr.core.SolrResourceLoader; Adding 'file:/Users/mumoc/projects/magmalabs/sunspot/sunspot_solr/solr/contrib/extraction/lib/jdom-1.0.jar' to classloader
INFO  - 2017-04-06 20:28:47.835; org.apache.solr.core.SolrResourceLoader; Adding 'file:/Users/mumoc/projects/magmalabs/sunspot/sunspot_solr/solr/contrib/extraction/lib/jempbox-1.8.4.jar' to classloader
INFO  - 2017-04-06 20:28:47.835; org.apache.solr.core.SolrResourceLoader; Adding 'file:/Users/mumoc/projects/magmalabs/sunspot/sunspot_solr/solr/contrib/extraction/lib/jhighlight-1.0.jar' to classloader
INFO  - 2017-04-06 20:28:47.835; org.apache.solr.core.SolrResourceLoader; Adding 'file:/Users/mumoc/projects/magmalabs/sunspot/sunspot_solr/solr/contrib/extraction/lib/juniversalchardet-1.0.3.jar' to classloader
INFO  - 2017-04-06 20:28:47.836; org.apache.solr.core.SolrResourceLoader; Adding 'file:/Users/mumoc/projects/magmalabs/sunspot/sunspot_solr/solr/contrib/extraction/lib/metadata-extractor-2.6.2.jar' to classloader
INFO  - 2017-04-06 20:28:47.836; org.apache.solr.core.SolrResourceLoader; Adding 'file:/Users/mumoc/projects/magmalabs/sunspot/sunspot_solr/solr/contrib/extraction/lib/pdfbox-1.8.4.jar' to classloader
INFO  - 2017-04-06 20:28:47.836; org.apache.solr.core.SolrResourceLoader; Adding 'file:/Users/mumoc/projects/magmalabs/sunspot/sunspot_solr/solr/contrib/extraction/lib/poi-3.10.1.jar' to classloader
INFO  - 2017-04-06 20:28:47.836; org.apache.solr.core.SolrResourceLoader; Adding 'file:/Users/mumoc/projects/magmalabs/sunspot/sunspot_solr/solr/contrib/extraction/lib/poi-ooxml-3.10.1.jar' to classloader
INFO  - 2017-04-06 20:28:47.837; org.apache.solr.core.SolrResourceLoader; Adding 'file:/Users/mumoc/projects/magmalabs/sunspot/sunspot_solr/solr/contrib/extraction/lib/poi-ooxml-schemas-3.10.1.jar' to classloader
INFO  - 2017-04-06 20:28:47.837; org.apache.solr.core.SolrResourceLoader; Adding 'file:/Users/mumoc/projects/magmalabs/sunspot/sunspot_solr/solr/contrib/extraction/lib/poi-scratchpad-3.10.1.jar' to classloader
INFO  - 2017-04-06 20:28:47.837; org.apache.solr.core.SolrResourceLoader; Adding 'file:/Users/mumoc/projects/magmalabs/sunspot/sunspot_solr/solr/contrib/extraction/lib/rome-0.9.jar' to classloader
INFO  - 2017-04-06 20:28:47.837; org.apache.solr.core.SolrResourceLoader; Adding 'file:/Users/mumoc/projects/magmalabs/sunspot/sunspot_solr/solr/contrib/extraction/lib/tagsoup-1.2.1.jar' to classloader
INFO  - 2017-04-06 20:28:47.838; org.apache.solr.core.SolrResourceLoader; Adding 'file:/Users/mumoc/projects/magmalabs/sunspot/sunspot_solr/solr/contrib/extraction/lib/tika-core-1.5.jar' to classloader
INFO  - 2017-04-06 20:28:47.838; org.apache.solr.core.SolrResourceLoader; Adding 'file:/Users/mumoc/projects/magmalabs/sunspot/sunspot_solr/solr/contrib/extraction/lib/tika-parsers-1.5.jar' to classloader
INFO  - 2017-04-06 20:28:47.838; org.apache.solr.core.SolrResourceLoader; Adding 'file:/Users/mumoc/projects/magmalabs/sunspot/sunspot_solr/solr/contrib/extraction/lib/tika-xmp-1.5.jar' to classloader
INFO  - 2017-04-06 20:28:47.838; org.apache.solr.core.SolrResourceLoader; Adding 'file:/Users/mumoc/projects/magmalabs/sunspot/sunspot_solr/solr/contrib/extraction/lib/vorbis-java-core-0.1.jar' to classloader
INFO  - 2017-04-06 20:28:47.839; org.apache.solr.core.SolrResourceLoader; Adding 'file:/Users/mumoc/projects/magmalabs/sunspot/sunspot_solr/solr/contrib/extraction/lib/vorbis-java-tika-0.1.jar' to classloader
INFO  - 2017-04-06 20:28:47.839; org.apache.solr.core.SolrResourceLoader; Adding 'file:/Users/mumoc/projects/magmalabs/sunspot/sunspot_solr/solr/contrib/extraction/lib/xercesImpl-2.9.1.jar' to classloader
INFO  - 2017-04-06 20:28:47.839; org.apache.solr.core.SolrResourceLoader; Adding 'file:/Users/mumoc/projects/magmalabs/sunspot/sunspot_solr/solr/contrib/extraction/lib/xmlbeans-2.6.0.jar' to classloader
INFO  - 2017-04-06 20:28:47.839; org.apache.solr.core.SolrResourceLoader; Adding 'file:/Users/mumoc/projects/magmalabs/sunspot/sunspot_solr/solr/contrib/extraction/lib/xmpcore-5.1.2.jar' to classloader
INFO  - 2017-04-06 20:28:47.840; org.apache.solr.core.SolrResourceLoader; Adding 'file:/Users/mumoc/projects/magmalabs/sunspot/sunspot_solr/solr/contrib/extraction/lib/xz-1.4.jar' to classloader
INFO  - 2017-04-06 20:28:47.840; org.apache.solr.core.SolrResourceLoader; Adding 'file:/Users/mumoc/projects/magmalabs/sunspot/sunspot_solr/solr/dist/solr-cell-4.10.2.jar' to classloader
INFO  - 2017-04-06 20:28:47.841; org.apache.solr.core.SolrResourceLoader; Adding 'file:/Users/mumoc/projects/magmalabs/sunspot/sunspot_solr/solr/contrib/clustering/lib/attributes-binder-1.2.1.jar' to classloader
INFO  - 2017-04-06 20:28:47.842; org.apache.solr.core.SolrResourceLoader; Adding 'file:/Users/mumoc/projects/magmalabs/sunspot/sunspot_solr/solr/contrib/clustering/lib/carrot2-mini-3.9.0.jar' to classloader
INFO  - 2017-04-06 20:28:47.842; org.apache.solr.core.SolrResourceLoader; Adding 'file:/Users/mumoc/projects/magmalabs/sunspot/sunspot_solr/solr/contrib/clustering/lib/hppc-0.5.2.jar' to classloader
INFO  - 2017-04-06 20:28:47.842; org.apache.solr.core.SolrResourceLoader; Adding 'file:/Users/mumoc/projects/magmalabs/sunspot/sunspot_solr/solr/contrib/clustering/lib/jackson-core-asl-1.9.13.jar' to classloader
INFO  - 2017-04-06 20:28:47.843; org.apache.solr.core.SolrResourceLoader; Adding 'file:/Users/mumoc/projects/magmalabs/sunspot/sunspot_solr/solr/contrib/clustering/lib/jackson-mapper-asl-1.9.13.jar' to classloader
INFO  - 2017-04-06 20:28:47.843; org.apache.solr.core.SolrResourceLoader; Adding 'file:/Users/mumoc/projects/magmalabs/sunspot/sunspot_solr/solr/contrib/clustering/lib/mahout-collections-1.0.jar' to classloader
INFO  - 2017-04-06 20:28:47.844; org.apache.solr.core.SolrResourceLoader; Adding 'file:/Users/mumoc/projects/magmalabs/sunspot/sunspot_solr/solr/contrib/clustering/lib/mahout-math-0.6.jar' to classloader
INFO  - 2017-04-06 20:28:47.844; org.apache.solr.core.SolrResourceLoader; Adding 'file:/Users/mumoc/projects/magmalabs/sunspot/sunspot_solr/solr/contrib/clustering/lib/simple-xml-2.7.jar' to classloader
INFO  - 2017-04-06 20:28:47.845; org.apache.solr.core.SolrResourceLoader; Adding 'file:/Users/mumoc/projects/magmalabs/sunspot/sunspot_solr/solr/dist/solr-clustering-4.10.2.jar' to classloader
INFO  - 2017-04-06 20:28:47.846; org.apache.solr.core.SolrResourceLoader; Adding 'file:/Users/mumoc/projects/magmalabs/sunspot/sunspot_solr/solr/contrib/langid/lib/jsonic-1.2.7.jar' to classloader
INFO  - 2017-04-06 20:28:47.846; org.apache.solr.core.SolrResourceLoader; Adding 'file:/Users/mumoc/projects/magmalabs/sunspot/sunspot_solr/solr/contrib/langid/lib/langdetect-1.1-20120112.jar' to classloader
INFO  - 2017-04-06 20:28:47.847; org.apache.solr.core.SolrResourceLoader; Adding 'file:/Users/mumoc/projects/magmalabs/sunspot/sunspot_solr/solr/dist/solr-langid-4.10.2.jar' to classloader
INFO  - 2017-04-06 20:28:47.848; org.apache.solr.core.SolrResourceLoader; Adding 'file:/Users/mumoc/projects/magmalabs/sunspot/sunspot_solr/solr/contrib/velocity/lib/commons-beanutils-1.8.3.jar' to classloader
INFO  - 2017-04-06 20:28:47.849; org.apache.solr.core.SolrResourceLoader; Adding 'file:/Users/mumoc/projects/magmalabs/sunspot/sunspot_solr/solr/contrib/velocity/lib/commons-collections-3.2.1.jar' to classloader
INFO  - 2017-04-06 20:28:47.850; org.apache.solr.core.SolrResourceLoader; Adding 'file:/Users/mumoc/projects/magmalabs/sunspot/sunspot_solr/solr/contrib/velocity/lib/velocity-1.7.jar' to classloader
INFO  - 2017-04-06 20:28:47.850; org.apache.solr.core.SolrResourceLoader; Adding 'file:/Users/mumoc/projects/magmalabs/sunspot/sunspot_solr/solr/contrib/velocity/lib/velocity-tools-2.0.jar' to classloader
INFO  - 2017-04-06 20:28:47.851; org.apache.solr.core.SolrResourceLoader; Adding 'file:/Users/mumoc/projects/magmalabs/sunspot/sunspot_solr/solr/dist/solr-velocity-4.10.2.jar' to classloader
INFO  - 2017-04-06 20:28:47.906; org.apache.solr.update.SolrIndexConfig; IndexWriter infoStream solr logging is enabled
INFO  - 2017-04-06 20:28:47.916; org.apache.solr.core.SolrConfig; Using Lucene MatchVersion: 4.10.2
INFO  - 2017-04-06 20:28:48.057; org.apache.solr.core.SolrConfig; Loaded SolrConfig: solrconfig.xml
INFO  - 2017-04-06 20:28:48.063; org.apache.solr.schema.IndexSchema; Reading Solr Schema from /Users/mumoc/projects/magmalabs/sunspot/sunspot_solr/solr/example/solr/collection1/conf/schema.xml
INFO  - 2017-04-06 20:28:48.106; org.apache.solr.schema.IndexSchema; [collection1] Schema name=example
INFO  - 2017-04-06 20:28:48.393; org.apache.solr.schema.IndexSchema; unique key field: id
INFO  - 2017-04-06 20:28:48.403; org.apache.solr.rest.RestManager$Registry; Registered ManagedResource impl org.apache.solr.rest.schema.analysis.ManagedWordSetResource for path /schema/analysis/stopwords/english
INFO  - 2017-04-06 20:28:48.403; org.apache.solr.rest.RestManager$Registry; Registered ManagedResource impl org.apache.solr.rest.schema.analysis.ManagedSynonymFilterFactory$SynonymManager for path /schema/analysis/synonyms/english
INFO  - 2017-04-06 20:28:48.462; org.apache.solr.schema.FileExchangeRateProvider; Reloading exchange rates from file currency.xml
INFO  - 2017-04-06 20:28:48.467; org.apache.solr.schema.FileExchangeRateProvider; Reloading exchange rates from file currency.xml
INFO  - 2017-04-06 20:28:48.550; org.apache.solr.core.CoreContainer; Creating SolrCore 'collection1' using configuration from instancedir /Users/mumoc/projects/magmalabs/sunspot/sunspot_solr/solr/example/solr/collection1/
INFO  - 2017-04-06 20:28:48.569; org.apache.solr.core.SolrCore; solr.NRTCachingDirectoryFactory
INFO  - 2017-04-06 20:28:48.573; org.apache.solr.core.SolrCore; [collection1] Opening new SolrCore at /Users/mumoc/projects/magmalabs/sunspot/sunspot_solr/solr/example/solr/collection1/, dataDir=/Users/mumoc/projects/magmalabs/sunspot/sunspot_solr/solr/example/solr/collection1/data/
INFO  - 2017-04-06 20:28:48.575; org.apache.solr.core.JmxMonitoredMap; JMX monitoring is enabled. Adding Solr mbeans to JMX Server: com.sun.jmx.mbeanserver.JmxMBeanServer@6f94fa3e
INFO  - 2017-04-06 20:28:48.599; org.apache.solr.core.SolrCore; [collection1] Added SolrEventListener for newSearcher: org.apache.solr.core.QuerySenderListener{queries=[]}
INFO  - 2017-04-06 20:28:48.599; org.apache.solr.core.SolrCore; [collection1] Added SolrEventListener for firstSearcher: org.apache.solr.core.QuerySenderListener{queries=[{q=static firstSearcher warming in solrconfig.xml}]}
INFO  - 2017-04-06 20:28:48.615; org.apache.solr.core.CachingDirectoryFactory; return new directory for /Users/mumoc/projects/magmalabs/sunspot/sunspot_solr/solr/example/solr/collection1/data
INFO  - 2017-04-06 20:28:48.618; org.apache.solr.core.SolrCore; New index directory detected: old=null new=/Users/mumoc/projects/magmalabs/sunspot/sunspot_solr/solr/example/solr/collection1/data/index/
INFO  - 2017-04-06 20:28:48.619; org.apache.solr.core.CachingDirectoryFactory; return new directory for /Users/mumoc/projects/magmalabs/sunspot/sunspot_solr/solr/example/solr/collection1/data/index
INFO  - 2017-04-06 20:28:48.635; org.apache.solr.core.SolrCore; created json: solr.JSONResponseWriter
INFO  - 2017-04-06 20:28:48.635; org.apache.solr.core.SolrCore; adding lazy queryResponseWriter: solr.VelocityResponseWriter
INFO  - 2017-04-06 20:28:48.636; org.apache.solr.core.SolrCore; created velocity: solr.VelocityResponseWriter
INFO  - 2017-04-06 20:28:48.638; org.apache.solr.core.SolrCore; created xslt: solr.XSLTResponseWriter
INFO  - 2017-04-06 20:28:48.638; org.apache.solr.response.XSLTResponseWriter; xsltCacheLifetimeSeconds=5
INFO  - 2017-04-06 20:28:48.727; org.apache.solr.core.SolrCore; no updateRequestProcessorChain defined as default, creating implicit default
INFO  - 2017-04-06 20:28:48.737; org.apache.solr.core.RequestHandlers; created /update: org.apache.solr.handler.UpdateRequestHandler
INFO  - 2017-04-06 20:28:48.738; org.apache.solr.core.RequestHandlers; created /update/json: org.apache.solr.handler.UpdateRequestHandler
INFO  - 2017-04-06 20:28:48.739; org.apache.solr.core.RequestHandlers; created /update/csv: org.apache.solr.handler.UpdateRequestHandler
INFO  - 2017-04-06 20:28:48.740; org.apache.solr.core.RequestHandlers; created /update/json/docs: org.apache.solr.handler.UpdateRequestHandler
INFO  - 2017-04-06 20:28:48.743; org.apache.solr.core.RequestHandlers; created /select: solr.SearchHandler
INFO  - 2017-04-06 20:28:48.744; org.apache.solr.core.RequestHandlers; created /query: solr.SearchHandler
INFO  - 2017-04-06 20:28:48.746; org.apache.solr.core.RequestHandlers; created /get: solr.RealTimeGetHandler
INFO  - 2017-04-06 20:28:48.747; org.apache.solr.core.RequestHandlers; created /export: solr.SearchHandler
INFO  - 2017-04-06 20:28:48.749; org.apache.solr.core.RequestHandlers; created /browse: solr.SearchHandler
WARN  - 2017-04-06 20:28:48.751; org.apache.solr.core.RequestHandlers; Multiple requestHandler registered to the same name: /update ignoring: org.apache.solr.handler.UpdateRequestHandler
INFO  - 2017-04-06 20:28:48.752; org.apache.solr.core.RequestHandlers; created /update: solr.UpdateRequestHandler
INFO  - 2017-04-06 20:28:48.752; org.apache.solr.core.RequestHandlers; adding lazy requestHandler: solr.extraction.ExtractingRequestHandler
INFO  - 2017-04-06 20:28:48.752; org.apache.solr.core.RequestHandlers; created /update/extract: solr.extraction.ExtractingRequestHandler
INFO  - 2017-04-06 20:28:48.753; org.apache.solr.core.RequestHandlers; adding lazy requestHandler: solr.FieldAnalysisRequestHandler
INFO  - 2017-04-06 20:28:48.753; org.apache.solr.core.RequestHandlers; created /analysis/field: solr.FieldAnalysisRequestHandler
INFO  - 2017-04-06 20:28:48.754; org.apache.solr.core.RequestHandlers; adding lazy requestHandler: solr.DocumentAnalysisRequestHandler
INFO  - 2017-04-06 20:28:48.754; org.apache.solr.core.RequestHandlers; created /analysis/document: solr.DocumentAnalysisRequestHandler
INFO  - 2017-04-06 20:28:48.756; org.apache.solr.core.RequestHandlers; created /admin/: solr.admin.AdminHandlers
INFO  - 2017-04-06 20:28:48.758; org.apache.solr.core.RequestHandlers; created /admin/ping: solr.PingRequestHandler
INFO  - 2017-04-06 20:28:48.759; org.apache.solr.core.RequestHandlers; created /debug/dump: solr.DumpRequestHandler
INFO  - 2017-04-06 20:28:48.777; org.apache.solr.core.RequestHandlers; created /replication: solr.ReplicationHandler
INFO  - 2017-04-06 20:28:48.778; org.apache.solr.core.RequestHandlers; adding lazy requestHandler: solr.SearchHandler
INFO  - 2017-04-06 20:28:48.778; org.apache.solr.core.RequestHandlers; created /spell: solr.SearchHandler
INFO  - 2017-04-06 20:28:48.778; org.apache.solr.core.RequestHandlers; adding lazy requestHandler: solr.SearchHandler
INFO  - 2017-04-06 20:28:48.778; org.apache.solr.core.RequestHandlers; created /suggest: solr.SearchHandler
INFO  - 2017-04-06 20:28:48.778; org.apache.solr.core.RequestHandlers; adding lazy requestHandler: solr.SearchHandler
INFO  - 2017-04-06 20:28:48.779; org.apache.solr.core.RequestHandlers; created /tvrh: solr.SearchHandler
INFO  - 2017-04-06 20:28:48.779; org.apache.solr.core.RequestHandlers; adding lazy requestHandler: solr.SearchHandler
INFO  - 2017-04-06 20:28:48.779; org.apache.solr.core.RequestHandlers; created /terms: solr.SearchHandler
INFO  - 2017-04-06 20:28:48.779; org.apache.solr.core.RequestHandlers; adding lazy requestHandler: solr.SearchHandler
INFO  - 2017-04-06 20:28:48.779; org.apache.solr.core.RequestHandlers; created /elevate: solr.SearchHandler
INFO  - 2017-04-06 20:28:48.797; org.apache.solr.handler.loader.XMLLoader; xsltCacheLifetimeSeconds=60
INFO  - 2017-04-06 20:28:48.798; org.apache.solr.handler.loader.XMLLoader; xsltCacheLifetimeSeconds=60
INFO  - 2017-04-06 20:28:48.799; org.apache.solr.handler.loader.XMLLoader; xsltCacheLifetimeSeconds=60
INFO  - 2017-04-06 20:28:48.800; org.apache.solr.handler.loader.XMLLoader; xsltCacheLifetimeSeconds=60
INFO  - 2017-04-06 20:28:48.801; org.apache.solr.handler.loader.XMLLoader; xsltCacheLifetimeSeconds=60
INFO  - 2017-04-06 20:28:48.812; org.apache.solr.update.CommitTracker; Hard AutoCommit: if uncommited for 15000ms; 
INFO  - 2017-04-06 20:28:48.812; org.apache.solr.update.CommitTracker; Soft AutoCommit: if uncommited for 3000ms; 
INFO  - 2017-04-06 20:28:48.847; org.apache.solr.core.SolrDeletionPolicy; SolrDeletionPolicy.onInit: commits: num=1
	commit{dir=NRTCachingDirectory(MMapDirectory@/Users/mumoc/projects/magmalabs/sunspot/sunspot_solr/solr/example/solr/collection1/data/index lockFactory=NativeFSLockFactory@/Users/mumoc/projects/magmalabs/sunspot/sunspot_solr/solr/example/solr/collection1/data/index; maxCacheMB=48.0 maxMergeSizeMB=4.0),segFN=segments_1,generation=1}
INFO  - 2017-04-06 20:28:48.847; org.apache.solr.core.SolrDeletionPolicy; newest commit generation = 1
INFO  - 2017-04-06 20:28:48.853; org.apache.solr.search.SolrIndexSearcher; Opening Searcher@420ff4c1[collection1] main
INFO  - 2017-04-06 20:28:48.859; org.apache.solr.rest.ManagedResourceStorage$FileStorageIO; File-based storage initialized to use dir: /Users/mumoc/projects/magmalabs/sunspot/sunspot_solr/solr/example/solr/collection1/conf
INFO  - 2017-04-06 20:28:48.859; org.apache.solr.rest.RestManager; Initializing RestManager with initArgs: {storageDir=/Users/mumoc/projects/magmalabs/sunspot/sunspot_solr/solr/example/solr/collection1/conf}
INFO  - 2017-04-06 20:28:48.862; org.apache.solr.rest.ManagedResourceStorage; Reading _rest_managed.json using file:dir=/Users/mumoc/projects/magmalabs/sunspot/sunspot_solr/solr/example/solr/collection1/conf
INFO  - 2017-04-06 20:28:48.868; org.apache.solr.rest.ManagedResourceStorage; Loaded LinkedHashMap at path _rest_managed.json using file:dir=/Users/mumoc/projects/magmalabs/sunspot/sunspot_solr/solr/example/solr/collection1/conf
INFO  - 2017-04-06 20:28:48.868; org.apache.solr.rest.ManagedResource; Loaded initArgs {} for /rest/managed
INFO  - 2017-04-06 20:28:48.868; org.apache.solr.rest.RestManager; Initializing 2 registered ManagedResources
INFO  - 2017-04-06 20:28:48.869; org.apache.solr.rest.ManagedResourceStorage; Reading _schema_analysis_stopwords_english.json using file:dir=/Users/mumoc/projects/magmalabs/sunspot/sunspot_solr/solr/example/solr/collection1/conf
INFO  - 2017-04-06 20:28:48.870; org.apache.solr.rest.ManagedResourceStorage; Loaded LinkedHashMap at path _schema_analysis_stopwords_english.json using file:dir=/Users/mumoc/projects/magmalabs/sunspot/sunspot_solr/solr/example/solr/collection1/conf
INFO  - 2017-04-06 20:28:48.871; org.apache.solr.rest.ManagedResource; Loaded initArgs {ignoreCase=true} for /schema/analysis/stopwords/english
INFO  - 2017-04-06 20:28:48.871; org.apache.solr.rest.schema.analysis.ManagedWordSetResource; Loaded 35 words for /schema/analysis/stopwords/english
INFO  - 2017-04-06 20:28:48.872; org.apache.solr.rest.ManagedResource; Notified 1 observers of /schema/analysis/stopwords/english
INFO  - 2017-04-06 20:28:48.873; org.apache.solr.rest.ManagedResourceStorage; Reading _schema_analysis_synonyms_english.json using file:dir=/Users/mumoc/projects/magmalabs/sunspot/sunspot_solr/solr/example/solr/collection1/conf
INFO  - 2017-04-06 20:28:48.874; org.apache.solr.rest.ManagedResourceStorage; Loaded LinkedHashMap at path _schema_analysis_synonyms_english.json using file:dir=/Users/mumoc/projects/magmalabs/sunspot/sunspot_solr/solr/example/solr/collection1/conf
INFO  - 2017-04-06 20:28:48.874; org.apache.solr.rest.ManagedResource; Loaded initArgs {ignoreCase=true,format=solr} for /schema/analysis/synonyms/english
INFO  - 2017-04-06 20:28:48.875; org.apache.solr.rest.schema.analysis.ManagedSynonymFilterFactory$SynonymManager; Loaded 3 synonym mappings for /schema/analysis/synonyms/english
INFO  - 2017-04-06 20:28:48.877; org.apache.solr.rest.ManagedResource; Notified 1 observers of /schema/analysis/synonyms/english
INFO  - 2017-04-06 20:28:48.878; org.apache.solr.handler.component.SpellCheckComponent; Initializing spell checkers
INFO  - 2017-04-06 20:28:48.885; org.apache.solr.spelling.DirectSolrSpellChecker; init: {name=default,field=text,classname=solr.DirectSolrSpellChecker,distanceMeasure=internal,accuracy=0.5,maxEdits=2,minPrefix=1,maxInspections=5,minQueryLength=4,maxQueryFrequency=0.01}
INFO  - 2017-04-06 20:28:48.890; org.apache.solr.handler.component.SpellCheckComponent; No queryConverter defined, using default converter
INFO  - 2017-04-06 20:28:48.891; org.apache.solr.handler.component.SuggestComponent; Initializing SuggestComponent
INFO  - 2017-04-06 20:28:48.893; org.apache.solr.spelling.suggest.SolrSuggester; init: {name=mySuggester,lookupImpl=FuzzyLookupFactory,dictionaryImpl=DocumentDictionaryFactory,field=cat,weightField=price,suggestAnalyzerFieldType=string}
INFO  - 2017-04-06 20:28:48.918; org.apache.solr.spelling.suggest.SolrSuggester; Dictionary loaded with params: {name=mySuggester,lookupImpl=FuzzyLookupFactory,dictionaryImpl=DocumentDictionaryFactory,field=cat,weightField=price,suggestAnalyzerFieldType=string}
INFO  - 2017-04-06 20:28:48.920; org.apache.solr.handler.component.QueryElevationComponent; Loading QueryElevation from: /Users/mumoc/projects/magmalabs/sunspot/sunspot_solr/solr/example/solr/collection1/conf/elevate.xml
INFO  - 2017-04-06 20:28:48.950; org.apache.solr.handler.ReplicationHandler; Commits will be reserved for  10000
INFO  - 2017-04-06 20:28:48.951; org.apache.solr.core.QuerySenderListener; QuerySenderListener sending requests to Searcher@420ff4c1[collection1] main{StandardDirectoryReader(segments_1:1:nrt)}
INFO  - 2017-04-06 20:28:49.000; org.apache.solr.core.SolrCore; [collection1] webapp=null path=null params={q=static+firstSearcher+warming+in+solrconfig.xml&distrib=false&event=firstSearcher} hits=0 status=0 QTime=43 
INFO  - 2017-04-06 20:28:49.000; org.apache.solr.core.QuerySenderListener; QuerySenderListener done.
INFO  - 2017-04-06 20:28:49.001; org.apache.solr.handler.component.SpellCheckComponent$SpellCheckerListener; Loading spell index for spellchecker: default
INFO  - 2017-04-06 20:28:49.001; org.apache.solr.handler.component.SpellCheckComponent$SpellCheckerListener; Loading spell index for spellchecker: wordbreak
INFO  - 2017-04-06 20:28:49.001; org.apache.solr.handler.component.SuggestComponent$SuggesterListener; Loading suggester index for: mySuggester
INFO  - 2017-04-06 20:28:49.001; org.apache.solr.spelling.suggest.SolrSuggester; reload()
INFO  - 2017-04-06 20:28:49.001; org.apache.solr.spelling.suggest.SolrSuggester; build()
INFO  - 2017-04-06 20:28:49.012; org.apache.solr.core.SolrCore; [collection1] Registered new searcher Searcher@420ff4c1[collection1] main{StandardDirectoryReader(segments_1:1:nrt)}
INFO  - 2017-04-06 20:28:49.016; org.apache.solr.core.CoreContainer; registering core: collection1
INFO  - 2017-04-06 20:28:49.017; org.apache.solr.servlet.SolrDispatchFilter; user.dir=/Users/mumoc/projects/magmalabs/sunspot/sunspot_solr/solr/example
INFO  - 2017-04-06 20:28:49.017; org.apache.solr.servlet.SolrDispatchFilter; SolrDispatchFilter.init() done
INFO  - 2017-04-06 20:28:49.032; org.eclipse.jetty.server.AbstractConnector; Started SocketConnector@0.0.0.0:8982
INFO  - 2017-04-06 20:29:46.028; org.eclipse.jetty.server.Server; Graceful shutdown SocketConnector@0.0.0.0:8982
INFO  - 2017-04-06 20:29:46.029; org.eclipse.jetty.server.Server; Graceful shutdown o.e.j.w.WebAppContext{/solr,file:/Users/mumoc/projects/magmalabs/sunspot/sunspot_solr/solr/example/solr-webapp/webapp/},/Users/mumoc/projects/magmalabs/sunspot/sunspot_solr/solr/example/webapps/solr.war
INFO  - 2017-04-06 20:29:47.036; org.apache.solr.core.CoreContainer; Shutting down CoreContainer instance=1150963491
INFO  - 2017-04-06 20:29:47.037; org.apache.solr.core.SolrCore; [collection1]  CLOSING SolrCore org.apache.solr.core.SolrCore@5c093ca7
INFO  - 2017-04-06 20:29:47.045; org.apache.solr.update.DirectUpdateHandler2; closing DirectUpdateHandler2{commits=0,autocommit maxTime=15000ms,autocommits=0,soft autocommit maxTime=3000ms,soft autocommits=0,optimizes=0,rollbacks=0,expungeDeletes=0,docsPending=0,adds=0,deletesById=0,deletesByQuery=0,errors=0,cumulative_adds=0,cumulative_deletesById=0,cumulative_deletesByQuery=0,cumulative_errors=0,transaction_logs_total_size=0,transaction_logs_total_number=0}
INFO  - 2017-04-06 20:29:47.045; org.apache.solr.update.SolrCoreState; Closing SolrCoreState
INFO  - 2017-04-06 20:29:47.045; org.apache.solr.update.DefaultSolrCoreState; SolrCoreState ref count has reached 0 - closing IndexWriter
INFO  - 2017-04-06 20:29:47.045; org.apache.solr.update.DefaultSolrCoreState; closing IndexWriter with IndexWriterCloser
INFO  - 2017-04-06 20:29:47.048; org.apache.solr.core.SolrCore; [collection1] Closing main searcher on request.
INFO  - 2017-04-06 20:29:47.048; org.apache.solr.core.CachingDirectoryFactory; Closing NRTCachingDirectoryFactory - 2 directories currently being tracked
INFO  - 2017-04-06 20:29:47.049; org.apache.solr.core.CachingDirectoryFactory; looking to close /Users/mumoc/projects/magmalabs/sunspot/sunspot_solr/solr/example/solr/collection1/data/index [CachedDir<<refCount=0;path=/Users/mumoc/projects/magmalabs/sunspot/sunspot_solr/solr/example/solr/collection1/data/index;done=false>>]
INFO  - 2017-04-06 20:29:47.049; org.apache.solr.core.CachingDirectoryFactory; Closing directory: /Users/mumoc/projects/magmalabs/sunspot/sunspot_solr/solr/example/solr/collection1/data/index
INFO  - 2017-04-06 20:29:47.049; org.apache.solr.core.CachingDirectoryFactory; looking to close /Users/mumoc/projects/magmalabs/sunspot/sunspot_solr/solr/example/solr/collection1/data [CachedDir<<refCount=0;path=/Users/mumoc/projects/magmalabs/sunspot/sunspot_solr/solr/example/solr/collection1/data;done=false>>]
INFO  - 2017-04-06 20:29:47.049; org.apache.solr.core.CachingDirectoryFactory; Closing directory: /Users/mumoc/projects/magmalabs/sunspot/sunspot_solr/solr/example/solr/collection1/data
INFO  - 2017-04-06 20:29:47.051; org.eclipse.jetty.server.handler.ContextHandler; stopped o.e.j.w.WebAppContext{/solr,file:/Users/mumoc/projects/magmalabs/sunspot/sunspot_solr/solr/example/solr-webapp/webapp/},/Users/mumoc/projects/magmalabs/sunspot/sunspot_solr/solr/example/webapps/solr.war
